<?xml version="1.0" encoding="UTF-8"?>
<!-- Generated by org.testng.reporters.JUnitXMLReporter -->
<testsuite ignored="1" hostname="DESKTOP-R6BD6UD" failures="0" tests="1" name="Test-ch" time="43.597" errors="0" timestamp="2023-02-17T16:14:35 IST">
  <testcase classname="com.saama.test.LoginUITest" name="validateTitleTest" time="5.727"/>
  <testcase classname="com.saama.test.LoginUITest" name="validateHeaderTest" time="0.0">
    <ignored/>
  </testcase> <!-- validateHeaderTest -->
</testsuite> <!-- Test-ch -->
