<?xml version="1.0" encoding="UTF-8"?>
<!-- Generated by org.testng.reporters.JUnitXMLReporter -->
<testsuite ignored="3" hostname="DESKTOP-R6BD6UD" failures="0" tests="2" name="Test-ch" time="20.109" errors="0" timestamp="2023-02-16T16:54:00 IST">
  <testcase classname="com.saama.test.LoginUITest" name="validateTitleTest" time="0.017"/>
  <testcase classname="com.saama.test.LoginUITest" name="validateHeaderTest" time="0.918"/>
  <testcase classname="com.saama.test.LoginTest" name="validLoginTest" time="0.0">
    <ignored/>
  </testcase> <!-- validLoginTest -->
  <testcase classname="com.saama.test.LoginTest" name="invalidLoginTest" time="0.0">
    <ignored/>
  </testcase> <!-- invalidLoginTest -->
  <testcase classname="com.saama.test.EmployeeTest" name="addEmployeeTest" time="0.0">
    <ignored/>
  </testcase> <!-- addEmployeeTest -->
</testsuite> <!-- Test-ch -->
