<?xml version="1.0" encoding="UTF-8"?>
<!-- Generated by org.testng.reporters.JUnitXMLReporter -->
<testsuite ignored="1" hostname="DESKTOP-R6BD6UD" failures="0" tests="1" name="Test-ch" time="8.533" errors="0" timestamp="20 Feb 2023 09:52:22 GMT">
  <testcase classname="com.saama.test.LoginUITest" name="validateTitleTest" time="0.034"/>
  <testcase classname="com.saama.test.LoginUITest" name="validateHeaderTest" time="0.0">
    <ignored/>
  </testcase> <!-- validateHeaderTest -->
</testsuite> <!-- Test-ch -->
