<?xml version="1.0" encoding="UTF-8"?>
<!-- Generated by org.testng.reporters.JUnitXMLReporter -->
<testsuite ignored="0" hostname="DESKTOP-R6BD6UD" failures="0" tests="5" name="Test-edge" time="46.181" errors="0" timestamp="2023-02-17T16:06:13 IST">
  <testcase classname="com.saama.test.LoginTest" name="invalidLoginTest" time="2.081"/>
  <testcase classname="com.saama.test.LoginTest" name="invalidLoginTest" time="1.733"/>
  <testcase classname="com.saama.test.LoginTest" name="validLoginTest" time="2.349"/>
  <testcase classname="com.saama.test.LoginUITest" name="validateTitleTest" time="0.008"/>
  <testcase classname="com.saama.test.LoginUITest" name="validateHeaderTest" time="0.405"/>
</testsuite> <!-- Test-edge -->
