<?xml version="1.0" encoding="UTF-8"?>
<!-- Generated by org.testng.reporters.JUnitXMLReporter -->
<testsuite ignored="0" hostname="DESKTOP-R6BD6UD" failures="0" tests="1" name="Test-edge" time="8.736" errors="0" timestamp="2023-02-16T16:42:59 IST">
  <testcase classname="com.saama.test.LoginUITest" name="validateTitleTest" time="0.021"/>
</testsuite> <!-- Test-edge -->
