<?xml version="1.0" encoding="UTF-8"?>
<!-- Generated by org.testng.reporters.JUnitReportReporter -->
<testsuite hostname="DESKTOP-R6BD6UD" failures="0" tests="2" name="com.saama.test.EmployeeTest" time="50.362" errors="0" timestamp="2023-02-16T16:52:48 IST" skipped="0">
  <testcase classname="com.saama.test.EmployeeTest" name="addEmployeeTest" time="20.155"/>
  <system-out/>
  <testcase classname="com.saama.test.EmployeeTest" name="addEmployeeTest" time="30.207"/>
  <system-out/>
</testsuite> <!-- com.saama.test.EmployeeTest -->
