<?xml version="1.0" encoding="UTF-8"?>
<!-- Generated by org.testng.reporters.JUnitReportReporter -->
<testsuite hostname="DESKTOP-R6BD6UD" failures="0" tests="2" name="com.saama.test.LoginTest" time="40.002" errors="0" timestamp="2023-02-16T16:10:02 IST" skipped="0">
  <testcase classname="com.saama.test.LoginTest" name="invalidLoginTest" time="23.773"/>
  <system-out/>
  <testcase classname="com.saama.test.LoginTest" name="invalidLoginTest" time="16.229"/>
  <system-out/>
</testsuite> <!-- com.saama.test.LoginTest -->
