<?xml version="1.0" encoding="UTF-8"?>
<!-- Generated by org.testng.reporters.JUnitReportReporter -->
<testsuite hostname="DESKTOP-R6BD6UD" failures="0" tests="1" name="com.saama.test.LoginTest" time="8.534" errors="0" timestamp="2023-02-15T16:45:24 IST" skipped="0">
  <testcase classname="com.saama.test.LoginTest" name="invalidLoginTest" time="8.534"/>
  <system-out/>
</testsuite> <!-- com.saama.test.LoginTest -->
