<?xml version="1.0" encoding="UTF-8"?>
<!-- Generated by org.testng.reporters.JUnitReportReporter -->
<testsuite hostname="DESKTOP-R6BD6UD" failures="0" tests="2" name="com.saama.test.LoginUITest" time="11.925" errors="0" timestamp="2023-02-15T16:40:47 IST" skipped="0">
  <testcase classname="com.saama.test.LoginUITest" name="validateTitleTest" time="4.910"/>
  <system-out/>
  <testcase classname="com.saama.test.LoginUITest" name="validateHeaderTest" time="7.015"/>
  <system-out/>
</testsuite> <!-- com.saama.test.LoginUITest -->
