<?xml version="1.0" encoding="UTF-8"?>
<!-- Generated by org.testng.reporters.JUnitReportReporter -->
<testsuite hostname="DESKTOP-R6BD6UD" failures="0" tests="3" name="com.saama.test.LoginTest" time="31.798" errors="0" timestamp="2023-02-17T16:06:13 IST" skipped="0">
  <testcase classname="com.saama.test.LoginTest" name="invalidLoginTest" time="7.876"/>
  <system-out/>
  <testcase classname="com.saama.test.LoginTest" name="validLoginTest" time="13.868"/>
  <system-out/>
  <testcase classname="com.saama.test.LoginTest" name="invalidLoginTest" time="10.054"/>
  <system-out/>
</testsuite> <!-- com.saama.test.LoginTest -->
