<?xml version="1.0" encoding="UTF-8"?>
<!-- Generated by org.testng.reporters.JUnitReportReporter -->
<testsuite hostname="DESKTOP-R6BD6UD" failures="0" tests="4" name="com.saama.test.Demo1Test" time="0.016" errors="0" timestamp="2023-02-16T16:26:50 IST" skipped="0">
  <testcase classname="com.saama.test.Demo1Test" name="validTest" time="0.001"/>
  <system-out/>
  <testcase classname="com.saama.test.Demo1Test" name="validTest" time="0.011"/>
  <system-out/>
  <testcase classname="com.saama.test.Demo1Test" name="validTest" time="0.002"/>
  <system-out/>
  <testcase classname="com.saama.test.Demo1Test" name="validTest" time="0.002"/>
  <system-out/>
</testsuite> <!-- com.saama.test.Demo1Test -->
