<?xml version="1.0" encoding="UTF-8"?>
<!-- Generated by org.testng.reporters.JUnitReportReporter -->
<testsuite hostname="DESKTOP-R6BD6UD" failures="0" tests="4" name="com.saama.test.Demo1Test" time="11.338" errors="0" timestamp="2023-02-16T15:55:17 IST" skipped="0">
  <testcase classname="com.saama.test.Demo1Test" name="validTest" time="3.722"/>
  <system-out/>
  <testcase classname="com.saama.test.Demo1Test" name="validTest" time="1.229"/>
  <system-out/>
  <testcase classname="com.saama.test.Demo1Test" name="validTest" time="5.141"/>
  <system-out/>
  <testcase classname="com.saama.test.Demo1Test" name="validTest" time="1.246"/>
  <system-out/>
</testsuite> <!-- com.saama.test.Demo1Test -->
