<?xml version="1.0" encoding="UTF-8"?>
<!-- Generated by org.testng.reporters.JUnitReportReporter -->
<testsuite hostname="DESKTOP-R6BD6UD" failures="0" tests="1" name="com.saama.test.LoginUITest" time="12.752" errors="0" timestamp="2023-02-17T16:23:03 IST" skipped="0">
  <testcase classname="com.saama.test.LoginUITest" name="validateTitleTest" time="12.752"/>
  <system-out/>
</testsuite> <!-- com.saama.test.LoginUITest -->
