<?xml version="1.0" encoding="UTF-8"?>
<!-- Generated by org.testng.reporters.JUnitReportReporter -->
<testsuite hostname="DESKTOP-R6BD6UD" failures="0" tests="2" name="com.saama.test.LoginUITest" time="20.046" errors="0" timestamp="2023-02-16T16:54:00 IST" skipped="0">
  <testcase classname="com.saama.test.LoginUITest" name="validateTitleTest" time="7.996"/>
  <system-out/>
  <testcase classname="com.saama.test.LoginUITest" name="validateHeaderTest" time="12.050"/>
  <system-out/>
</testsuite> <!-- com.saama.test.LoginUITest -->
