<?xml version="1.0" encoding="UTF-8"?>
<!-- Generated by org.testng.reporters.JUnitReportReporter -->
<testsuite hostname="DESKTOP-R6BD6UD" failures="0" tests="1" name="com.saama.test.LoginUITest" time="8.499" errors="0" timestamp="20 Feb 2023 09:52:23 GMT" skipped="0">
  <testcase classname="com.saama.test.LoginUITest" name="validateTitleTest" time="8.499"/>
</testsuite> <!-- com.saama.test.LoginUITest -->
