<?xml version="1.0" encoding="UTF-8"?>
<!-- Generated by org.testng.reporters.JUnitReportReporter -->
<testsuite hostname="DESKTOP-R6BD6UD" failures="0" tests="1" name="com.saama.test.LoginTest" time="23.655" errors="0" timestamp="2023-02-16T16:52:48 IST" skipped="0">
  <testcase classname="com.saama.test.LoginTest" name="validLoginTest" time="23.655"/>
  <system-out/>
</testsuite> <!-- com.saama.test.LoginTest -->
