<?xml version="1.0" encoding="UTF-8"?>
<!-- Generated by org.testng.reporters.JUnitReportReporter -->
<testsuite hostname="DESKTOP-R6BD6UD" failures="0" tests="1" name="com.saama.test.LoginTest" time="18.551" errors="0" timestamp="2023-02-15T16:03:39 IST" skipped="0">
  <testcase classname="com.saama.test.LoginTest" name="validLoginTest" time="18.551"/>
  <system-out/>
</testsuite> <!-- com.saama.test.LoginTest -->
