<?xml version="1.0" encoding="UTF-8"?>
<!-- Generated by org.testng.reporters.JUnitReportReporter -->
<testsuite hostname="DESKTOP-R6BD6UD" failures="0" tests="2" name="com.saama.test.LoginUITest" time="19.120" errors="0" timestamp="2023-02-15T16:04:05 IST" skipped="0">
  <testcase classname="com.saama.test.LoginUITest" name="validateHeaderTest" time="7.366"/>
  <system-out/>
  <testcase classname="com.saama.test.LoginUITest" name="validateTitleTest" time="11.754"/>
  <system-out/>
</testsuite> <!-- com.saama.test.LoginUITest -->
