<?xml version="1.0" encoding="UTF-8"?>
<!-- Generated by org.testng.reporters.JUnitReportReporter -->
<testsuite hostname="DESKTOP-R6BD6UD" failures="0" tests="1" name="com.saama.test.EmployeeTest" time="32.061" errors="0" timestamp="2023-02-17T15:27:58 IST" skipped="0">
  <testcase classname="com.saama.test.EmployeeTest" name="addEmployeeTest" time="32.061"/>
  <system-out/>
</testsuite> <!-- com.saama.test.EmployeeTest -->
