<?xml version="1.0" encoding="UTF-8"?>
<!-- Generated by org.testng.reporters.JUnitReportReporter -->
<testsuite hostname="DESKTOP-R6BD6UD" failures="0" tests="2" name="com.saama.test.EmployeeTest" time="34.756" errors="0" timestamp="2023-02-16T16:21:43 IST" skipped="0">
  <testcase classname="com.saama.test.EmployeeTest" name="addEmployeeTest" time="16.214"/>
  <system-out/>
  <testcase classname="com.saama.test.EmployeeTest" name="addEmployeeTest" time="18.542"/>
  <system-out/>
</testsuite> <!-- com.saama.test.EmployeeTest -->
