<?xml version="1.0" encoding="UTF-8"?>
<!-- Generated by org.testng.reporters.JUnitReportReporter -->
<testsuite hostname="DESKTOP-R6BD6UD" failures="0" tests="1" name="com.saama.test.EmployeeTest" time="167.864" errors="0" timestamp="2023-02-17T16:54:47 IST" skipped="0">
  <testcase classname="com.saama.test.EmployeeTest" name="addEmployeeTest" time="167.864"/>
  <system-out/>
</testsuite> <!-- com.saama.test.EmployeeTest -->
